This is pdfTeX, Version 3.141592653-2.6-1.40.27 (MiKTeX 25.2) (preloaded format=pdflatex 2025.2.24)  13 APR 2026 21:25
entering extended mode
 restricted \write18 enabled.
 %&-line parsing enabled.
**./Latex-KTUProjectBTechNov24Update.tex
(Latex-KTUProjectBTechNov24Update.tex
LaTeX2e <2024-11-01> patch level 2
L3 programming layer <2025-01-18>
(C:\Users\Rayan\AppData\Local\Programs\MiKTeX\tex/latex/base\report.cls
Document Class: report 2024/06/29 v1.4n Standard LaTeX document class
(C:\Users\Rayan\AppData\Local\Programs\MiKTeX\tex/latex/base\size10.clo
File: size10.clo 2024/06/29 v1.4n Standard LaTeX file (size option)
)
\c@part=\count196
\c@chapter=\count197
\c@section=\count198
\c@subsection=\count199
\c@subsubsection=\count266
\c@paragraph=\count267
\c@subparagraph=\count268
\c@figure=\count269
\c@table=\count270
\abovecaptionskip=\skip49
\belowcaptionskip=\skip50
\bibindent=\dimen141
)
(C:\Users\Rayan\AppData\Local\Programs\MiKTeX\tex/latex/graphics\graphicx.sty
Package: graphicx 2021/09/16 v1.2d Enhanced LaTeX Graphics (DPC,SPQR)

(C:\Users\Rayan\AppData\Local\Programs\MiKTeX\tex/latex/graphics\keyval.sty
Package: keyval 2022/05/29 v1.15 key=value parser (DPC)
\KV@toks@=\toks17
)
(C:\Users\Rayan\AppData\Local\Programs\MiKTeX\tex/latex/graphics\graphics.sty
Package: graphics 2024/08/06 v1.4g Standard LaTeX Graphics (DPC,SPQR)

(C:\Users\Rayan\AppData\Local\Programs\MiKTeX\tex/latex/graphics\trig.sty
Package: trig 2023/12/02 v1.11 sin cos tan (DPC)
)
(C:\Users\Rayan\AppData\Local\Programs\MiKTeX\tex/latex/graphics-cfg\graphics.c
fg
File: graphics.cfg 2016/06/04 v1.11 sample graphics configuration
)
Package graphics Info: Driver file: pdftex.def on input line 106.

(C:\Users\Rayan\AppData\Local\Programs\MiKTeX\tex/latex/graphics-def\pdftex.def
File: pdftex.def 2024/04/13 v1.2c Graphics/color driver for pdftex
))
\Gin@req@height=\dimen142
\Gin@req@width=\dimen143
) (C:\Users\Rayan\AppData\Local\Programs\MiKTeX\tex/latex/amsmath\amsmath.sty
Package: amsmath 2024/11/05 v2.17t AMS math features
\@mathmargin=\skip51
For additional information on amsmath, use the `?' option.
(C:\Users\Rayan\AppData\Local\Programs\MiKTeX\tex/latex/amsmath\amstext.sty
Package: amstext 2021/08/26 v2.01 AMS text

(C:\Users\Rayan\AppData\Local\Programs\MiKTeX\tex/latex/amsmath\amsgen.sty
File: amsgen.sty 1999/11/30 v2.0 generic functions
\@emptytoks=\toks18
\ex@=\dimen144
))
(C:\Users\Rayan\AppData\Local\Programs\MiKTeX\tex/latex/amsmath\amsbsy.sty
Package: amsbsy 1999/11/29 v1.2d Bold Symbols
\pmbraise@=\dimen145
)
(C:\Users\Rayan\AppData\Local\Programs\MiKTeX\tex/latex/amsmath\amsopn.sty
Package: amsopn 2022/04/08 v2.04 operator names
)
\inf@bad=\count271
LaTeX Info: Redefining \frac on input line 233.
\uproot@=\count272
\leftroot@=\count273
LaTeX Info: Redefining \overline on input line 398.
LaTeX Info: Redefining \colon on input line 409.
\classnum@=\count274
\DOTSCASE@=\count275
LaTeX Info: Redefining \ldots on input line 495.
LaTeX Info: Redefining \dots on input line 498.
LaTeX Info: Redefining \cdots on input line 619.
\Mathstrutbox@=\box52
\strutbox@=\box53
LaTeX Info: Redefining \big on input line 721.
LaTeX Info: Redefining \Big on input line 722.
LaTeX Info: Redefining \bigg on input line 723.
LaTeX Info: Redefining \Bigg on input line 724.
\big@size=\dimen146
LaTeX Font Info:    Redeclaring font encoding OML on input line 742.
LaTeX Font Info:    Redeclaring font encoding OMS on input line 743.
\macc@depth=\count276
LaTeX Info: Redefining \bmod on input line 904.
LaTeX Info: Redefining \pmod on input line 909.
LaTeX Info: Redefining \smash on input line 939.
LaTeX Info: Redefining \relbar on input line 969.
LaTeX Info: Redefining \Relbar on input line 970.
\c@MaxMatrixCols=\count277
\dotsspace@=\muskip17
\c@parentequation=\count278
\dspbrk@lvl=\count279
\tag@help=\toks19
\row@=\count280
\column@=\count281
\maxfields@=\count282
\andhelp@=\toks20
\eqnshift@=\dimen147
\alignsep@=\dimen148
\tagshift@=\dimen149
\tagwidth@=\dimen150
\totwidth@=\dimen151
\lineht@=\dimen152
\@envbody=\toks21
\multlinegap=\skip52
\multlinetaggap=\skip53
\mathdisplay@stack=\toks22
LaTeX Info: Redefining \[ on input line 2953.
LaTeX Info: Redefining \] on input line 2954.
)
(C:\Users\Rayan\AppData\Local\Programs\MiKTeX\tex/latex/fancyhdr\fancyhdr.sty
Package: fancyhdr 2025/02/07 v5.2 Extensive control of page headers and footers

\f@nch@headwidth=\skip54
\f@nch@offset@elh=\skip55
\f@nch@offset@erh=\skip56
\f@nch@offset@olh=\skip57
\f@nch@offset@orh=\skip58
\f@nch@offset@elf=\skip59
\f@nch@offset@erf=\skip60
\f@nch@offset@olf=\skip61
\f@nch@offset@orf=\skip62
\f@nch@height=\skip63
\f@nch@footalignment=\skip64
\f@nch@widthL=\skip65
\f@nch@widthC=\skip66
\f@nch@widthR=\skip67
\@temptokenb=\toks23
)
(C:\Users\Rayan\AppData\Local\Programs\MiKTeX\tex/latex/cite\cite.sty
LaTeX Info: Redefining \cite on input line 302.
LaTeX Info: Redefining \nocite on input line 332.
Package: cite 2015/02/27  v 5.5
)
(C:\Users\Rayan\AppData\Local\Programs\MiKTeX\tex/latex/framed\framed.sty
Package: framed 2011/10/22 v 0.96: framed or shaded text with page breaks
\OuterFrameSep=\skip68
\fb@frw=\dimen153
\fb@frh=\dimen154
\FrameRule=\dimen155
\FrameSep=\dimen156
)
(C:\Users\Rayan\AppData\Local\Programs\MiKTeX\tex/latex/a4wide\a4wide.sty
Package: a4wide 1994/08/30

(C:\Users\Rayan\AppData\Local\Programs\MiKTeX\tex/latex/ntgclass\a4.sty
Package: a4 2023/01/10 v1.2g A4 based page layout
))
(C:\Users\Rayan\AppData\Local\Programs\MiKTeX\tex/latex/float\float.sty
Package: float 2001/11/08 v1.3d Float enhancements (AL)
\c@float@type=\count283
\float@exts=\toks24
\float@box=\box54
\@float@everytoks=\toks25
\@floatcapt=\box55
)
(C:\Users\Rayan\AppData\Local\Programs\MiKTeX\tex/latex/geometry\geometry.sty
Package: geometry 2020/01/02 v5.9 Page Geometry

(C:\Users\Rayan\AppData\Local\Programs\MiKTeX\tex/generic/iftex\ifvtex.sty
Package: ifvtex 2019/10/25 v1.7 ifvtex legacy package. Use iftex instead.

(C:\Users\Rayan\AppData\Local\Programs\MiKTeX\tex/generic/iftex\iftex.sty
Package: iftex 2024/12/12 v1.0g TeX engine tests
))
\Gm@cnth=\count284
\Gm@cntv=\count285
\c@Gm@tempcnt=\count286
\Gm@bindingoffset=\dimen157
\Gm@wd@mp=\dimen158
\Gm@odd@mp=\dimen159
\Gm@even@mp=\dimen160
\Gm@layoutwidth=\dimen161
\Gm@layoutheight=\dimen162
\Gm@layouthoffset=\dimen163
\Gm@layoutvoffset=\dimen164
\Gm@dimlist=\toks26

(C:\Users\Rayan\AppData\Local\Programs\MiKTeX\tex/latex/geometry\geometry.cfg))
(C:\Users\Rayan\AppData\Local\Programs\MiKTeX\tex/latex/tools\array.sty
Package: array 2024/10/17 v2.6g Tabular extension package (FMi)
\col@sep=\dimen165
\ar@mcellbox=\box56
\extrarowheight=\dimen166
\NC@list=\toks27
\extratabsurround=\skip69
\backup@length=\skip70
\ar@cellbox=\box57
)
(C:\Users\Rayan\AppData\Local\Programs\MiKTeX\tex/latex/blindtext\blindtext.sty
Package: blindtext 2012/01/06 V2.0 blindtext-Package
(C:\Users\Rayan\AppData\Local\Programs\MiKTeX\tex/latex/tools\xspace.sty
Package: xspace 2014/10/28 v1.13 Space after command names (DPC,MH)
)
\c@blindtext=\count287
\c@Blindtext=\count288
\c@blind@countparstart=\count289
\blind@countxx=\count290
\blindtext@numBlindtext=\count291
\blind@countyy=\count292
\c@blindlist=\count293
\c@blindlistlevel=\count294
\c@blindlist@level=\count295
\blind@listitem=\count296
\c@blind@listcount=\count297
\c@blind@levelcount=\count298
\blind@mathformula=\count299
\blind@Mathformula=\count300
\c@blind@randomcount=\count301
\c@blind@randommax=\count302
\c@blind@pangramcount=\count303
\c@blind@pangrammax=\count304
)
(C:\Users\Rayan\AppData\Local\Programs\MiKTeX\tex/latex/xpatch\xpatch.sty
(C:\Users\Rayan\AppData\Local\Programs\MiKTeX\tex/latex/l3kernel\expl3.sty
Package: expl3 2025-01-18 L3 programming layer (loader) 

(C:\Users\Rayan\AppData\Local\Programs\MiKTeX\tex/latex/l3backend\l3backend-pdf
tex.def
File: l3backend-pdftex.def 2024-05-08 L3 backend support: PDF output (pdfTeX)
\l__color_backend_stack_int=\count305
\l__pdf_internal_box=\box58
))
Package: xpatch 2020/03/25 v0.3a Extending etoolbox patching commands

(C:\Users\Rayan\AppData\Local\Programs\MiKTeX\tex/latex/l3packages/xparse\xpars
e.sty
Package: xparse 2024-08-16 L3 Experimental document command parser
)
(C:\Users\Rayan\AppData\Local\Programs\MiKTeX\tex/latex/etoolbox\etoolbox.sty
Package: etoolbox 2025/02/11 v2.5l e-TeX tools for LaTeX (JAW)
\etb@tempcnta=\count306
))
Patched makeschapterhead
Patched @makechapterhead
(Latex-KTUProjectBTechNov24Update.aux)
\openout1 = `Latex-KTUProjectBTechNov24Update.aux'.

LaTeX Font Info:    Checking defaults for OML/cmm/m/it on input line 58.
LaTeX Font Info:    ... okay on input line 58.
LaTeX Font Info:    Checking defaults for OMS/cmsy/m/n on input line 58.
LaTeX Font Info:    ... okay on input line 58.
LaTeX Font Info:    Checking defaults for OT1/cmr/m/n on input line 58.
LaTeX Font Info:    ... okay on input line 58.
LaTeX Font Info:    Checking defaults for T1/cmr/m/n on input line 58.
LaTeX Font Info:    ... okay on input line 58.
LaTeX Font Info:    Checking defaults for TS1/cmr/m/n on input line 58.
LaTeX Font Info:    ... okay on input line 58.
LaTeX Font Info:    Checking defaults for OMX/cmex/m/n on input line 58.
LaTeX Font Info:    ... okay on input line 58.
LaTeX Font Info:    Checking defaults for U/cmr/m/n on input line 58.
LaTeX Font Info:    ... okay on input line 58.

(C:\Users\Rayan\AppData\Local\Programs\MiKTeX\tex/context/base/mkii\supp-pdf.mk
ii
[Loading MPS to PDF converter (version 2006.09.02).]
\scratchcounter=\count307
\scratchdimen=\dimen167
\scratchbox=\box59
\nofMPsegments=\count308
\nofMParguments=\count309
\everyMPshowfont=\toks28
\MPscratchCnt=\count310
\MPscratchDim=\dimen168
\MPnumerator=\count311
\makeMPintoPDFobject=\count312
\everyMPtoPDFconversion=\toks29
)
(C:\Users\Rayan\AppData\Local\Programs\MiKTeX\tex/latex/epstopdf-pkg\epstopdf-b
ase.sty
Package: epstopdf-base 2020-01-24 v2.11 Base part for package epstopdf
Package epstopdf-base Info: Redefining graphics rule for `.eps' on input line 4
85.

(C:\Users\Rayan\AppData\Local\Programs\MiKTeX\tex/latex/00miktex\epstopdf-sys.c
fg
File: epstopdf-sys.cfg 2021/03/18 v2.0 Configuration of epstopdf for MiKTeX
))
*geometry* driver: auto-detecting
*geometry* detected driver: pdftex
*geometry* verbose mode - [ preamble ] result:
* driver: pdftex
* paper: a4paper
* layout: <same size as paper>
* layoutoffset:(h,v)=(0.0pt,0.0pt)
* modes: twoside 
* h-part:(L,W,R)=(72.26999pt, 452.9679pt, 72.26999pt)
* v-part:(T,H,B)=(72.26999pt, 700.50687pt, 72.26999pt)
* \paperwidth=597.50787pt
* \paperheight=845.04684pt
* \textwidth=452.9679pt
* \textheight=700.50687pt
* \oddsidemargin=0.0pt
* \evensidemargin=0.0pt
* \topmargin=-37.0pt
* \headheight=12.0pt
* \headsep=25.0pt
* \topskip=10.0pt
* \footskip=30.0pt
* \marginparwidth=54.2025pt
* \marginparsep=11.0pt
* \columnsep=10.0pt
* \skip\footins=9.0pt plus 4.0pt minus 2.0pt
* \hoffset=0.0pt
* \voffset=0.0pt
* \mag=1000
* \@twocolumnfalse
* \@twosidetrue
* \@mparswitchtrue
* \@reversemarginfalse
* (1in=72.27pt=25.4mm, 1cm=28.453pt)

<ktu.png, id=1, 121.45375pt x 182.6825pt>
File: ktu.png Graphic file (type png)
<use ktu.png>
Package pdftex.def Info: ktu.png  used on input line 81.
(pdftex.def)             Requested size: 36.43639pt x 54.80516pt.
<cape.png, id=3, 1541.76pt x 1027.84pt>
File: cape.png Graphic file (type png)
<use cape.png>
Package pdftex.def Info: cape.png  used on input line 94.
(pdftex.def)             Requested size: 92.5016pt x 61.66774pt.


[1

{C:/Users/Rayan/AppData/Local/MiKTeX/fonts/map/pdftex/pdftex.map} <./ktu.png> <
./cape.png>]

[2

]

[3]

[4

]

[5]

[6

]
Overfull \hbox (54.72894pt too wide) in paragraph at lines 143--152
 [][] 
 []



[7]

[8

]
Overfull \hbox (54.72894pt too wide) in paragraph at lines 160--167
 [][] 
 []



[9]

[10]

[11]

[12]
<cape.PNG, id=47, 1541.76pt x 1027.84pt>
File: cape.PNG Graphic file (type png)
<use cape.PNG>
Package pdftex.def Info: cape.PNG  used on input line 228.
(pdftex.def)             Requested size: 154.18503pt x 102.79001pt.

Overfull \hbox (12.78918pt too wide) in paragraph at lines 238--241
\OT1/cmr/bx/n/10 Alen Se-bas-tian (KGR22CS012),Muhammed Rayan(KGR22CS066),Subas
h M(KGR22CS090), 
 []



[13 <./cape.PNG>]

[14

]

[15]

[16]

[1]

[2] (Latex-KTUProjectBTechNov24Update.toc

[1

])
\tf@toc=\write3
\openout3 = `Latex-KTUProjectBTechNov24Update.toc'.



[2] (Latex-KTUProjectBTechNov24Update.lof)
\tf@lof=\write4
\openout4 = `Latex-KTUProjectBTechNov24Update.lof'.



[3

]

[0]
Chapter 1.


[1

]

[2

]
Chapter 2.


[3]

[4

]
Chapter 3.

Overfull \hbox (9.92812pt too wide) in paragraph at lines 382--382
[]\OT1/cmr/bx/n/14.4 Toward hu-man intervention-free clin-i-cal di-ag-no-sis of
 in-tracra-
 []



[5]

[6]
Chapter 4.


[7

]

[8]
<system.png, id=110, 1861.95625pt x 1005.7575pt>
File: system.png Graphic file (type png)
<use system.png>
Package pdftex.def Info: system.png  used on input line 456.
(pdftex.def)             Requested size: 452.9679pt x 244.6709pt.
<usecase.png, id=111, 1628.0825pt x 932.48375pt>
File: usecase.png Graphic file (type png)
<use usecase.png>
Package pdftex.def Info: usecase.png  used on input line 469.
(pdftex.def)             Requested size: 407.01962pt x 233.12036pt.

Underfull \vbox (badness 10000) has occurred while \output is active []



[9 <./system.png>]
<dfd.png, id=117, 371.58826pt x 181.8795pt>
File: dfd.png Graphic file (type png)
<use dfd.png>
Package pdftex.def Info: dfd.png  used on input line 477.
(pdftex.def)             Requested size: 452.9679pt x 221.72614pt.
<dfd1.png, id=118, 600.44325pt x 239.09325pt>
File: dfd1.png Graphic file (type png)
<use dfd1.png>
Package pdftex.def Info: dfd1.png  used on input line 484.
(pdftex.def)             Requested size: 452.9679pt x 180.37018pt.

Underfull \vbox (badness 10000) has occurred while \output is active []



[10 <./usecase.png> <./dfd.png>]
<activity.png, id=124, 346.29375pt x 341.47575pt>
File: activity.png Graphic file (type png)
<use activity.png>
Package pdftex.def Info: activity.png  used on input line 492.
(pdftex.def)             Requested size: 452.9679pt x 446.67998pt.

Underfull \vbox (badness 10000) has occurred while \output is active []



[11 <./dfd1.png>]
<sequence.png, id=129, 1765.59625pt x 807.015pt>
File: sequence.png Graphic file (type png)
<use sequence.png>
Package pdftex.def Info: sequence.png  used on input line 500.
(pdftex.def)             Requested size: 441.39798pt x 201.75325pt.

Underfull \vbox (badness 10000) has occurred while \output is active []



[12 <./activity.png>]

[13 <./sequence.png>]
Underfull \vbox (badness 10000) has occurred while \output is active []



[14]

[15]
<1.jpeg, id=146, 1606.0pt x 742.775pt>
File: 1.jpeg Graphic file (type jpg)
<use 1.jpeg>
Package pdftex.def Info: 1.jpeg  used on input line 577.
(pdftex.def)             Requested size: 497.85486pt x 230.25786pt.

Overfull \hbox (44.88696pt too wide) in paragraph at lines 577--578
 [][] 
 []

<2.jpeg, id=147, 1606.0pt x 512.91624pt>
File: 2.jpeg Graphic file (type jpg)
<use 2.jpeg>
Package pdftex.def Info: 2.jpeg  used on input line 583.
(pdftex.def)             Requested size: 497.85486pt x 159.0024pt.

Overfull \hbox (44.88696pt too wide) in paragraph at lines 583--584
 [][] 
 []



[16 <./1.jpeg> <./2.jpeg>]
Chapter 5.


[17

]

[18]

[19]

[20

]
Chapter 6.
File: 1.jpeg Graphic file (type jpg)
<use 1.jpeg>
Package pdftex.def Info: 1.jpeg  used on input line 657.
(pdftex.def)             Requested size: 452.9679pt x 209.49431pt.
File: 2.jpeg Graphic file (type jpg)
<use 2.jpeg>
Package pdftex.def Info: 2.jpeg  used on input line 662.
(pdftex.def)             Requested size: 452.9679pt x 144.6643pt.
<12.jpeg, id=163, 1606.0pt x 702.625pt>
File: 12.jpeg Graphic file (type jpg)
<use 12.jpeg>
Package pdftex.def Info: 12.jpeg  used on input line 667.
(pdftex.def)             Requested size: 452.9679pt x 198.17029pt.

Underfull \vbox (badness 10000) has occurred while \output is active []



[21]

[22 <./12.jpeg>]
Chapter 7.


[23

]

[24

]

[25]

[26

]
Underfull \hbox (badness 10000) in paragraph at lines 696--697
[]\OT1/cmr/m/n/10 RSNA In-tracra-nial Aneurysm De-tec-tion Dataset. Kag-gle. Av
ail-able at:
 []


Underfull \hbox (badness 2680) in paragraph at lines 702--703
[]\OT1/cmr/m/n/10 Deep learning-based cere-bral aneurysm de-tec-tion with CT an
-giog-ra-phy. \OT1/cmr/m/it/10 PubMed Cen-tral
 []



[27] (Latex-KTUProjectBTechNov24Update.aux)
 ***********
LaTeX2e <2024-11-01> patch level 2
L3 programming layer <2020/03/25>
 ***********
 ) 
Here is how much of TeX's memory you used:
 4143 strings out of 473523
 67090 string characters out of 5714630
 474070 words of memory out of 5000000
 27327 multiletter control sequences out of 15000+600000
 563478 words of font info for 52 fonts, out of 8000000 for 9000
 1141 hyphenation exceptions out of 8191
 65i,10n,79p,1949b,290s stack positions out of 10000i,1000n,20000p,200000b,200000s
 <C:\Users\Rayan\AppData\Local\MiKTeX\fonts/pk/ljfour/jknappen/ec/dpi600\tcrm
1000.pk><C:/Users/Rayan/AppData/Local/Programs/MiKTeX/fonts/type1/public/amsfon
ts/cm/cmbx10.pfb><C:/Users/Rayan/AppData/Local/Programs/MiKTeX/fonts/type1/publ
ic/amsfonts/cm/cmbx12.pfb><C:/Users/Rayan/AppData/Local/Programs/MiKTeX/fonts/t
ype1/public/amsfonts/cm/cmbx8.pfb><C:/Users/Rayan/AppData/Local/Programs/MiKTeX
/fonts/type1/public/amsfonts/cm/cmr10.pfb><C:/Users/Rayan/AppData/Local/Program
s/MiKTeX/fonts/type1/public/amsfonts/cm/cmr8.pfb><C:/Users/Rayan/AppData/Local/
Programs/MiKTeX/fonts/type1/public/amsfonts/cm/cmti10.pfb><C:/Users/Rayan/AppDa
ta/Local/Programs/MiKTeX/fonts/type1/public/amsfonts/cm/cmtt10.pfb>
Output written on Latex-KTUProjectBTechNov24Update.pdf (49 pages, 10793844 byte
s).
PDF statistics:
 223 PDF objects out of 1000 (max. 8388607)
 0 named destinations out of 1000 (max. 500000)
 61 words of extra memory for PDF output out of 10000 (max. 10000000)

